2025-01-21 23:02:37 [ERROR] undefined:undefined - ReferenceError: rateLimit is not defined
    at Object.<anonymous> (/home/devratxen/muushakaH/mern-app/backend/routes/authRoutes.js:32:27)
    at Module._compile (node:internal/modules/cjs/loader:1562:14)
    at Object..js (node:internal/modules/cjs/loader:1699:10)
    at Module.load (node:internal/modules/cjs/loader:1313:32)
    at Function._load (node:internal/modules/cjs/loader:1123:12)
    at TracingChannel.traceSync (node:diagnostics_channel:322:14)
    at wrapModuleLoad (node:internal/modules/cjs/loader:217:24)
    at Module.<anonymous> (node:internal/modules/cjs/loader:1335:12)
    at Hook._require.Module.require (/usr/lib/node_modules/pm2/node_modules/require-in-the-middle/index.js:101:39)
    at require (node:internal/modules/helpers:136:16)
2025-01-21 23:02:38 [ERROR] undefined:undefined - ReferenceError: rateLimit is not defined
    at Object.<anonymous> (/home/devratxen/muushakaH/mern-app/backend/routes/authRoutes.js:32:27)
    at Module._compile (node:internal/modules/cjs/loader:1562:14)
    at Object..js (node:internal/modules/cjs/loader:1699:10)
    at Module.load (node:internal/modules/cjs/loader:1313:32)
    at Function._load (node:internal/modules/cjs/loader:1123:12)
    at TracingChannel.traceSync (node:diagnostics_channel:322:14)
    at wrapModuleLoad (node:internal/modules/cjs/loader:217:24)
    at Module.<anonymous> (node:internal/modules/cjs/loader:1335:12)
    at Hook._require.Module.require (/usr/lib/node_modules/pm2/node_modules/require-in-the-middle/index.js:101:39)
    at require (node:internal/modules/helpers:136:16)
2025-01-21 23:02:38 [ERROR] undefined:undefined - ReferenceError: rateLimit is not defined
    at Object.<anonymous> (/home/devratxen/muushakaH/mern-app/backend/routes/authRoutes.js:32:27)
    at Module._compile (node:internal/modules/cjs/loader:1562:14)
    at Object..js (node:internal/modules/cjs/loader:1699:10)
    at Module.load (node:internal/modules/cjs/loader:1313:32)
    at Function._load (node:internal/modules/cjs/loader:1123:12)
    at TracingChannel.traceSync (node:diagnostics_channel:322:14)
    at wrapModuleLoad (node:internal/modules/cjs/loader:217:24)
    at Module.<anonymous> (node:internal/modules/cjs/loader:1335:12)
    at Hook._require.Module.require (/usr/lib/node_modules/pm2/node_modules/require-in-the-middle/index.js:101:39)
    at require (node:internal/modules/helpers:136:16)
2025-01-21 23:02:39 [ERROR] undefined:undefined - ReferenceError: rateLimit is not defined
    at Object.<anonymous> (/home/devratxen/muushakaH/mern-app/backend/routes/authRoutes.js:32:27)
    at Module._compile (node:internal/modules/cjs/loader:1562:14)
    at Object..js (node:internal/modules/cjs/loader:1699:10)
    at Module.load (node:internal/modules/cjs/loader:1313:32)
    at Function._load (node:internal/modules/cjs/loader:1123:12)
    at TracingChannel.traceSync (node:diagnostics_channel:322:14)
    at wrapModuleLoad (node:internal/modules/cjs/loader:217:24)
    at Module.<anonymous> (node:internal/modules/cjs/loader:1335:12)
    at Hook._require.Module.require (/usr/lib/node_modules/pm2/node_modules/require-in-the-middle/index.js:101:39)
    at require (node:internal/modules/helpers:136:16)
2025-01-21 23:02:40 [ERROR] undefined:undefined - ReferenceError: rateLimit is not defined
    at Object.<anonymous> (/home/devratxen/muushakaH/mern-app/backend/routes/authRoutes.js:32:27)
    at Module._compile (node:internal/modules/cjs/loader:1562:14)
    at Object..js (node:internal/modules/cjs/loader:1699:10)
    at Module.load (node:internal/modules/cjs/loader:1313:32)
    at Function._load (node:internal/modules/cjs/loader:1123:12)
    at TracingChannel.traceSync (node:diagnostics_channel:322:14)
    at wrapModuleLoad (node:internal/modules/cjs/loader:217:24)
    at Module.<anonymous> (node:internal/modules/cjs/loader:1335:12)
    at Hook._require.Module.require (/usr/lib/node_modules/pm2/node_modules/require-in-the-middle/index.js:101:39)
    at require (node:internal/modules/helpers:136:16)
2025-01-21 23:02:41 [ERROR] undefined:undefined - ReferenceError: rateLimit is not defined
    at Object.<anonymous> (/home/devratxen/muushakaH/mern-app/backend/routes/authRoutes.js:32:27)
    at Module._compile (node:internal/modules/cjs/loader:1562:14)
    at Object..js (node:internal/modules/cjs/loader:1699:10)
    at Module.load (node:internal/modules/cjs/loader:1313:32)
    at Function._load (node:internal/modules/cjs/loader:1123:12)
    at TracingChannel.traceSync (node:diagnostics_channel:322:14)
    at wrapModuleLoad (node:internal/modules/cjs/loader:217:24)
    at Module.<anonymous> (node:internal/modules/cjs/loader:1335:12)
    at Hook._require.Module.require (/usr/lib/node_modules/pm2/node_modules/require-in-the-middle/index.js:101:39)
    at require (node:internal/modules/helpers:136:16)
2025-01-21 23:02:42 [ERROR] undefined:undefined - ReferenceError: rateLimit is not defined
    at Object.<anonymous> (/home/devratxen/muushakaH/mern-app/backend/routes/authRoutes.js:32:27)
    at Module._compile (node:internal/modules/cjs/loader:1562:14)
    at Object..js (node:internal/modules/cjs/loader:1699:10)
    at Module.load (node:internal/modules/cjs/loader:1313:32)
    at Function._load (node:internal/modules/cjs/loader:1123:12)
    at TracingChannel.traceSync (node:diagnostics_channel:322:14)
    at wrapModuleLoad (node:internal/modules/cjs/loader:217:24)
    at Module.<anonymous> (node:internal/modules/cjs/loader:1335:12)
    at Hook._require.Module.require (/usr/lib/node_modules/pm2/node_modules/require-in-the-middle/index.js:101:39)
    at require (node:internal/modules/helpers:136:16)
2025-01-21 23:02:42 [ERROR] undefined:undefined - ReferenceError: rateLimit is not defined
    at Object.<anonymous> (/home/devratxen/muushakaH/mern-app/backend/routes/authRoutes.js:32:27)
    at Module._compile (node:internal/modules/cjs/loader:1562:14)
    at Object..js (node:internal/modules/cjs/loader:1699:10)
    at Module.load (node:internal/modules/cjs/loader:1313:32)
    at Function._load (node:internal/modules/cjs/loader:1123:12)
    at TracingChannel.traceSync (node:diagnostics_channel:322:14)
    at wrapModuleLoad (node:internal/modules/cjs/loader:217:24)
    at Module.<anonymous> (node:internal/modules/cjs/loader:1335:12)
    at Hook._require.Module.require (/usr/lib/node_modules/pm2/node_modules/require-in-the-middle/index.js:101:39)
    at require (node:internal/modules/helpers:136:16)
2025-01-21 23:02:43 [ERROR] undefined:undefined - ReferenceError: rateLimit is not defined
    at Object.<anonymous> (/home/devratxen/muushakaH/mern-app/backend/routes/authRoutes.js:32:27)
    at Module._compile (node:internal/modules/cjs/loader:1562:14)
    at Object..js (node:internal/modules/cjs/loader:1699:10)
    at Module.load (node:internal/modules/cjs/loader:1313:32)
    at Function._load (node:internal/modules/cjs/loader:1123:12)
    at TracingChannel.traceSync (node:diagnostics_channel:322:14)
    at wrapModuleLoad (node:internal/modules/cjs/loader:217:24)
    at Module.<anonymous> (node:internal/modules/cjs/loader:1335:12)
    at Hook._require.Module.require (/usr/lib/node_modules/pm2/node_modules/require-in-the-middle/index.js:101:39)
    at require (node:internal/modules/helpers:136:16)
2025-01-21 23:02:44 [ERROR] undefined:undefined - ReferenceError: rateLimit is not defined
    at Object.<anonymous> (/home/devratxen/muushakaH/mern-app/backend/routes/authRoutes.js:32:27)
    at Module._compile (node:internal/modules/cjs/loader:1562:14)
    at Object..js (node:internal/modules/cjs/loader:1699:10)
    at Module.load (node:internal/modules/cjs/loader:1313:32)
    at Function._load (node:internal/modules/cjs/loader:1123:12)
    at TracingChannel.traceSync (node:diagnostics_channel:322:14)
    at wrapModuleLoad (node:internal/modules/cjs/loader:217:24)
    at Module.<anonymous> (node:internal/modules/cjs/loader:1335:12)
    at Hook._require.Module.require (/usr/lib/node_modules/pm2/node_modules/require-in-the-middle/index.js:101:39)
    at require (node:internal/modules/helpers:136:16)
2025-01-21 23:02:45 [ERROR] undefined:undefined - ReferenceError: rateLimit is not defined
    at Object.<anonymous> (/home/devratxen/muushakaH/mern-app/backend/routes/authRoutes.js:32:27)
    at Module._compile (node:internal/modules/cjs/loader:1562:14)
    at Object..js (node:internal/modules/cjs/loader:1699:10)
    at Module.load (node:internal/modules/cjs/loader:1313:32)
    at Function._load (node:internal/modules/cjs/loader:1123:12)
    at TracingChannel.traceSync (node:diagnostics_channel:322:14)
    at wrapModuleLoad (node:internal/modules/cjs/loader:217:24)
    at Module.<anonymous> (node:internal/modules/cjs/loader:1335:12)
    at Hook._require.Module.require (/usr/lib/node_modules/pm2/node_modules/require-in-the-middle/index.js:101:39)
    at require (node:internal/modules/helpers:136:16)
2025-01-21 23:02:46 [ERROR] undefined:undefined - ReferenceError: rateLimit is not defined
    at Object.<anonymous> (/home/devratxen/muushakaH/mern-app/backend/routes/authRoutes.js:32:27)
    at Module._compile (node:internal/modules/cjs/loader:1562:14)
    at Object..js (node:internal/modules/cjs/loader:1699:10)
    at Module.load (node:internal/modules/cjs/loader:1313:32)
    at Function._load (node:internal/modules/cjs/loader:1123:12)
    at TracingChannel.traceSync (node:diagnostics_channel:322:14)
    at wrapModuleLoad (node:internal/modules/cjs/loader:217:24)
    at Module.<anonymous> (node:internal/modules/cjs/loader:1335:12)
    at Hook._require.Module.require (/usr/lib/node_modules/pm2/node_modules/require-in-the-middle/index.js:101:39)
    at require (node:internal/modules/helpers:136:16)
2025-01-21 23:02:46 [ERROR] undefined:undefined - ReferenceError: rateLimit is not defined
    at Object.<anonymous> (/home/devratxen/muushakaH/mern-app/backend/routes/authRoutes.js:32:27)
    at Module._compile (node:internal/modules/cjs/loader:1562:14)
    at Object..js (node:internal/modules/cjs/loader:1699:10)
    at Module.load (node:internal/modules/cjs/loader:1313:32)
    at Function._load (node:internal/modules/cjs/loader:1123:12)
    at TracingChannel.traceSync (node:diagnostics_channel:322:14)
    at wrapModuleLoad (node:internal/modules/cjs/loader:217:24)
    at Module.<anonymous> (node:internal/modules/cjs/loader:1335:12)
    at Hook._require.Module.require (/usr/lib/node_modules/pm2/node_modules/require-in-the-middle/index.js:101:39)
    at require (node:internal/modules/helpers:136:16)
2025-01-21 23:02:47 [ERROR] undefined:undefined - ReferenceError: rateLimit is not defined
    at Object.<anonymous> (/home/devratxen/muushakaH/mern-app/backend/routes/authRoutes.js:32:27)
    at Module._compile (node:internal/modules/cjs/loader:1562:14)
    at Object..js (node:internal/modules/cjs/loader:1699:10)
    at Module.load (node:internal/modules/cjs/loader:1313:32)
    at Function._load (node:internal/modules/cjs/loader:1123:12)
    at TracingChannel.traceSync (node:diagnostics_channel:322:14)
    at wrapModuleLoad (node:internal/modules/cjs/loader:217:24)
    at Module.<anonymous> (node:internal/modules/cjs/loader:1335:12)
    at Hook._require.Module.require (/usr/lib/node_modules/pm2/node_modules/require-in-the-middle/index.js:101:39)
    at require (node:internal/modules/helpers:136:16)
2025-01-21 23:02:48 [ERROR] undefined:undefined - ReferenceError: rateLimit is not defined
    at Object.<anonymous> (/home/devratxen/muushakaH/mern-app/backend/routes/authRoutes.js:32:27)
    at Module._compile (node:internal/modules/cjs/loader:1562:14)
    at Object..js (node:internal/modules/cjs/loader:1699:10)
    at Module.load (node:internal/modules/cjs/loader:1313:32)
    at Function._load (node:internal/modules/cjs/loader:1123:12)
    at TracingChannel.traceSync (node:diagnostics_channel:322:14)
    at wrapModuleLoad (node:internal/modules/cjs/loader:217:24)
    at Module.<anonymous> (node:internal/modules/cjs/loader:1335:12)
    at Hook._require.Module.require (/usr/lib/node_modules/pm2/node_modules/require-in-the-middle/index.js:101:39)
    at require (node:internal/modules/helpers:136:16)
2025-01-21 23:02:49 [ERROR] undefined:undefined - ReferenceError: rateLimit is not defined
    at Object.<anonymous> (/home/devratxen/muushakaH/mern-app/backend/routes/authRoutes.js:32:27)
    at Module._compile (node:internal/modules/cjs/loader:1562:14)
    at Object..js (node:internal/modules/cjs/loader:1699:10)
    at Module.load (node:internal/modules/cjs/loader:1313:32)
    at Function._load (node:internal/modules/cjs/loader:1123:12)
    at TracingChannel.traceSync (node:diagnostics_channel:322:14)
    at wrapModuleLoad (node:internal/modules/cjs/loader:217:24)
    at Module.<anonymous> (node:internal/modules/cjs/loader:1335:12)
    at Hook._require.Module.require (/usr/lib/node_modules/pm2/node_modules/require-in-the-middle/index.js:101:39)
    at require (node:internal/modules/helpers:136:16)
2025-01-21 23:23:24 [ERROR] undefined:undefined - ReferenceError: rateLimit is not defined
    at Object.<anonymous> (/home/devratxen/muushakaH/mern-app/backend/routes/authRoutes.js:32:27)
    at Module._compile (node:internal/modules/cjs/loader:1562:14)
    at Object..js (node:internal/modules/cjs/loader:1699:10)
    at Module.load (node:internal/modules/cjs/loader:1313:32)
    at Function._load (node:internal/modules/cjs/loader:1123:12)
    at TracingChannel.traceSync (node:diagnostics_channel:322:14)
    at wrapModuleLoad (node:internal/modules/cjs/loader:217:24)
    at Module.<anonymous> (node:internal/modules/cjs/loader:1335:12)
    at Hook._require.Module.require (/usr/lib/node_modules/pm2/node_modules/require-in-the-middle/index.js:101:39)
    at require (node:internal/modules/helpers:136:16)
2025-01-21 23:23:25 [ERROR] undefined:undefined - ReferenceError: rateLimit is not defined
    at Object.<anonymous> (/home/devratxen/muushakaH/mern-app/backend/routes/authRoutes.js:32:27)
    at Module._compile (node:internal/modules/cjs/loader:1562:14)
    at Object..js (node:internal/modules/cjs/loader:1699:10)
    at Module.load (node:internal/modules/cjs/loader:1313:32)
    at Function._load (node:internal/modules/cjs/loader:1123:12)
    at TracingChannel.traceSync (node:diagnostics_channel:322:14)
    at wrapModuleLoad (node:internal/modules/cjs/loader:217:24)
    at Module.<anonymous> (node:internal/modules/cjs/loader:1335:12)
    at Hook._require.Module.require (/usr/lib/node_modules/pm2/node_modules/require-in-the-middle/index.js:101:39)
    at require (node:internal/modules/helpers:136:16)
2025-01-21 23:23:26 [ERROR] undefined:undefined - ReferenceError: rateLimit is not defined
    at Object.<anonymous> (/home/devratxen/muushakaH/mern-app/backend/routes/authRoutes.js:32:27)
    at Module._compile (node:internal/modules/cjs/loader:1562:14)
    at Object..js (node:internal/modules/cjs/loader:1699:10)
    at Module.load (node:internal/modules/cjs/loader:1313:32)
    at Function._load (node:internal/modules/cjs/loader:1123:12)
    at TracingChannel.traceSync (node:diagnostics_channel:322:14)
    at wrapModuleLoad (node:internal/modules/cjs/loader:217:24)
    at Module.<anonymous> (node:internal/modules/cjs/loader:1335:12)
    at Hook._require.Module.require (/usr/lib/node_modules/pm2/node_modules/require-in-the-middle/index.js:101:39)
    at require (node:internal/modules/helpers:136:16)
2025-01-21 23:23:27 [ERROR] undefined:undefined - ReferenceError: rateLimit is not defined
    at Object.<anonymous> (/home/devratxen/muushakaH/mern-app/backend/routes/authRoutes.js:32:27)
    at Module._compile (node:internal/modules/cjs/loader:1562:14)
    at Object..js (node:internal/modules/cjs/loader:1699:10)
    at Module.load (node:internal/modules/cjs/loader:1313:32)
    at Function._load (node:internal/modules/cjs/loader:1123:12)
    at TracingChannel.traceSync (node:diagnostics_channel:322:14)
    at wrapModuleLoad (node:internal/modules/cjs/loader:217:24)
    at Module.<anonymous> (node:internal/modules/cjs/loader:1335:12)
    at Hook._require.Module.require (/usr/lib/node_modules/pm2/node_modules/require-in-the-middle/index.js:101:39)
    at require (node:internal/modules/helpers:136:16)
2025-01-21 23:23:27 [ERROR] undefined:undefined - ReferenceError: rateLimit is not defined
    at Object.<anonymous> (/home/devratxen/muushakaH/mern-app/backend/routes/authRoutes.js:32:27)
    at Module._compile (node:internal/modules/cjs/loader:1562:14)
    at Object..js (node:internal/modules/cjs/loader:1699:10)
    at Module.load (node:internal/modules/cjs/loader:1313:32)
    at Function._load (node:internal/modules/cjs/loader:1123:12)
    at TracingChannel.traceSync (node:diagnostics_channel:322:14)
    at wrapModuleLoad (node:internal/modules/cjs/loader:217:24)
    at Module.<anonymous> (node:internal/modules/cjs/loader:1335:12)
    at Hook._require.Module.require (/usr/lib/node_modules/pm2/node_modules/require-in-the-middle/index.js:101:39)
    at require (node:internal/modules/helpers:136:16)
2025-01-21 23:23:28 [ERROR] undefined:undefined - ReferenceError: rateLimit is not defined
    at Object.<anonymous> (/home/devratxen/muushakaH/mern-app/backend/routes/authRoutes.js:32:27)
    at Module._compile (node:internal/modules/cjs/loader:1562:14)
    at Object..js (node:internal/modules/cjs/loader:1699:10)
    at Module.load (node:internal/modules/cjs/loader:1313:32)
    at Function._load (node:internal/modules/cjs/loader:1123:12)
    at TracingChannel.traceSync (node:diagnostics_channel:322:14)
    at wrapModuleLoad (node:internal/modules/cjs/loader:217:24)
    at Module.<anonymous> (node:internal/modules/cjs/loader:1335:12)
    at Hook._require.Module.require (/usr/lib/node_modules/pm2/node_modules/require-in-the-middle/index.js:101:39)
    at require (node:internal/modules/helpers:136:16)
2025-01-21 23:23:29 [ERROR] undefined:undefined - ReferenceError: rateLimit is not defined
    at Object.<anonymous> (/home/devratxen/muushakaH/mern-app/backend/routes/authRoutes.js:32:27)
    at Module._compile (node:internal/modules/cjs/loader:1562:14)
    at Object..js (node:internal/modules/cjs/loader:1699:10)
    at Module.load (node:internal/modules/cjs/loader:1313:32)
    at Function._load (node:internal/modules/cjs/loader:1123:12)
    at TracingChannel.traceSync (node:diagnostics_channel:322:14)
    at wrapModuleLoad (node:internal/modules/cjs/loader:217:24)
    at Module.<anonymous> (node:internal/modules/cjs/loader:1335:12)
    at Hook._require.Module.require (/usr/lib/node_modules/pm2/node_modules/require-in-the-middle/index.js:101:39)
    at require (node:internal/modules/helpers:136:16)
2025-01-21 23:23:30 [ERROR] undefined:undefined - ReferenceError: rateLimit is not defined
    at Object.<anonymous> (/home/devratxen/muushakaH/mern-app/backend/routes/authRoutes.js:32:27)
    at Module._compile (node:internal/modules/cjs/loader:1562:14)
    at Object..js (node:internal/modules/cjs/loader:1699:10)
    at Module.load (node:internal/modules/cjs/loader:1313:32)
    at Function._load (node:internal/modules/cjs/loader:1123:12)
    at TracingChannel.traceSync (node:diagnostics_channel:322:14)
    at wrapModuleLoad (node:internal/modules/cjs/loader:217:24)
    at Module.<anonymous> (node:internal/modules/cjs/loader:1335:12)
    at Hook._require.Module.require (/usr/lib/node_modules/pm2/node_modules/require-in-the-middle/index.js:101:39)
    at require (node:internal/modules/helpers:136:16)
2025-01-21 23:23:31 [ERROR] undefined:undefined - ReferenceError: rateLimit is not defined
    at Object.<anonymous> (/home/devratxen/muushakaH/mern-app/backend/routes/authRoutes.js:32:27)
    at Module._compile (node:internal/modules/cjs/loader:1562:14)
    at Object..js (node:internal/modules/cjs/loader:1699:10)
    at Module.load (node:internal/modules/cjs/loader:1313:32)
    at Function._load (node:internal/modules/cjs/loader:1123:12)
    at TracingChannel.traceSync (node:diagnostics_channel:322:14)
    at wrapModuleLoad (node:internal/modules/cjs/loader:217:24)
    at Module.<anonymous> (node:internal/modules/cjs/loader:1335:12)
    at Hook._require.Module.require (/usr/lib/node_modules/pm2/node_modules/require-in-the-middle/index.js:101:39)
    at require (node:internal/modules/helpers:136:16)
2025-01-21 23:23:32 [ERROR] undefined:undefined - ReferenceError: rateLimit is not defined
    at Object.<anonymous> (/home/devratxen/muushakaH/mern-app/backend/routes/authRoutes.js:32:27)
    at Module._compile (node:internal/modules/cjs/loader:1562:14)
    at Object..js (node:internal/modules/cjs/loader:1699:10)
    at Module.load (node:internal/modules/cjs/loader:1313:32)
    at Function._load (node:internal/modules/cjs/loader:1123:12)
    at TracingChannel.traceSync (node:diagnostics_channel:322:14)
    at wrapModuleLoad (node:internal/modules/cjs/loader:217:24)
    at Module.<anonymous> (node:internal/modules/cjs/loader:1335:12)
    at Hook._require.Module.require (/usr/lib/node_modules/pm2/node_modules/require-in-the-middle/index.js:101:39)
    at require (node:internal/modules/helpers:136:16)
2025-01-21 23:23:33 [ERROR] undefined:undefined - ReferenceError: rateLimit is not defined
    at Object.<anonymous> (/home/devratxen/muushakaH/mern-app/backend/routes/authRoutes.js:32:27)
    at Module._compile (node:internal/modules/cjs/loader:1562:14)
    at Object..js (node:internal/modules/cjs/loader:1699:10)
    at Module.load (node:internal/modules/cjs/loader:1313:32)
    at Function._load (node:internal/modules/cjs/loader:1123:12)
    at TracingChannel.traceSync (node:diagnostics_channel:322:14)
    at wrapModuleLoad (node:internal/modules/cjs/loader:217:24)
    at Module.<anonymous> (node:internal/modules/cjs/loader:1335:12)
    at Hook._require.Module.require (/usr/lib/node_modules/pm2/node_modules/require-in-the-middle/index.js:101:39)
    at require (node:internal/modules/helpers:136:16)
2025-01-21 23:23:33 [ERROR] undefined:undefined - ReferenceError: rateLimit is not defined
    at Object.<anonymous> (/home/devratxen/muushakaH/mern-app/backend/routes/authRoutes.js:32:27)
    at Module._compile (node:internal/modules/cjs/loader:1562:14)
    at Object..js (node:internal/modules/cjs/loader:1699:10)
    at Module.load (node:internal/modules/cjs/loader:1313:32)
    at Function._load (node:internal/modules/cjs/loader:1123:12)
    at TracingChannel.traceSync (node:diagnostics_channel:322:14)
    at wrapModuleLoad (node:internal/modules/cjs/loader:217:24)
    at Module.<anonymous> (node:internal/modules/cjs/loader:1335:12)
    at Hook._require.Module.require (/usr/lib/node_modules/pm2/node_modules/require-in-the-middle/index.js:101:39)
    at require (node:internal/modules/helpers:136:16)
2025-01-21 23:23:34 [ERROR] undefined:undefined - ReferenceError: rateLimit is not defined
    at Object.<anonymous> (/home/devratxen/muushakaH/mern-app/backend/routes/authRoutes.js:32:27)
    at Module._compile (node:internal/modules/cjs/loader:1562:14)
    at Object..js (node:internal/modules/cjs/loader:1699:10)
    at Module.load (node:internal/modules/cjs/loader:1313:32)
    at Function._load (node:internal/modules/cjs/loader:1123:12)
    at TracingChannel.traceSync (node:diagnostics_channel:322:14)
    at wrapModuleLoad (node:internal/modules/cjs/loader:217:24)
    at Module.<anonymous> (node:internal/modules/cjs/loader:1335:12)
    at Hook._require.Module.require (/usr/lib/node_modules/pm2/node_modules/require-in-the-middle/index.js:101:39)
    at require (node:internal/modules/helpers:136:16)
2025-01-21 23:23:35 [ERROR] undefined:undefined - ReferenceError: rateLimit is not defined
    at Object.<anonymous> (/home/devratxen/muushakaH/mern-app/backend/routes/authRoutes.js:32:27)
    at Module._compile (node:internal/modules/cjs/loader:1562:14)
    at Object..js (node:internal/modules/cjs/loader:1699:10)
    at Module.load (node:internal/modules/cjs/loader:1313:32)
    at Function._load (node:internal/modules/cjs/loader:1123:12)
    at TracingChannel.traceSync (node:diagnostics_channel:322:14)
    at wrapModuleLoad (node:internal/modules/cjs/loader:217:24)
    at Module.<anonymous> (node:internal/modules/cjs/loader:1335:12)
    at Hook._require.Module.require (/usr/lib/node_modules/pm2/node_modules/require-in-the-middle/index.js:101:39)
    at require (node:internal/modules/helpers:136:16)
2025-01-21 23:23:36 [ERROR] undefined:undefined - ReferenceError: rateLimit is not defined
    at Object.<anonymous> (/home/devratxen/muushakaH/mern-app/backend/routes/authRoutes.js:32:27)
    at Module._compile (node:internal/modules/cjs/loader:1562:14)
    at Object..js (node:internal/modules/cjs/loader:1699:10)
    at Module.load (node:internal/modules/cjs/loader:1313:32)
    at Function._load (node:internal/modules/cjs/loader:1123:12)
    at TracingChannel.traceSync (node:diagnostics_channel:322:14)
    at wrapModuleLoad (node:internal/modules/cjs/loader:217:24)
    at Module.<anonymous> (node:internal/modules/cjs/loader:1335:12)
    at Hook._require.Module.require (/usr/lib/node_modules/pm2/node_modules/require-in-the-middle/index.js:101:39)
    at require (node:internal/modules/helpers:136:16)
2025-01-21 23:23:37 [ERROR] undefined:undefined - ReferenceError: rateLimit is not defined
    at Object.<anonymous> (/home/devratxen/muushakaH/mern-app/backend/routes/authRoutes.js:32:27)
    at Module._compile (node:internal/modules/cjs/loader:1562:14)
    at Object..js (node:internal/modules/cjs/loader:1699:10)
    at Module.load (node:internal/modules/cjs/loader:1313:32)
    at Function._load (node:internal/modules/cjs/loader:1123:12)
    at TracingChannel.traceSync (node:diagnostics_channel:322:14)
    at wrapModuleLoad (node:internal/modules/cjs/loader:217:24)
    at Module.<anonymous> (node:internal/modules/cjs/loader:1335:12)
    at Hook._require.Module.require (/usr/lib/node_modules/pm2/node_modules/require-in-the-middle/index.js:101:39)
    at require (node:internal/modules/helpers:136:16)
2025-01-21 23:34:00 [ERROR] undefined:undefined - ReferenceError: rateLimit is not defined
    at Object.<anonymous> (/home/devratxen/muushakaH/mern-app/backend/routes/authRoutes.js:32:27)
    at Module._compile (node:internal/modules/cjs/loader:1562:14)
    at Object..js (node:internal/modules/cjs/loader:1699:10)
    at Module.load (node:internal/modules/cjs/loader:1313:32)
    at Function._load (node:internal/modules/cjs/loader:1123:12)
    at TracingChannel.traceSync (node:diagnostics_channel:322:14)
    at wrapModuleLoad (node:internal/modules/cjs/loader:217:24)
    at Module.<anonymous> (node:internal/modules/cjs/loader:1335:12)
    at Hook._require.Module.require (/usr/lib/node_modules/pm2/node_modules/require-in-the-middle/index.js:101:39)
    at require (node:internal/modules/helpers:136:16)
2025-01-21 23:34:01 [ERROR] undefined:undefined - ReferenceError: rateLimit is not defined
    at Object.<anonymous> (/home/devratxen/muushakaH/mern-app/backend/routes/authRoutes.js:32:27)
    at Module._compile (node:internal/modules/cjs/loader:1562:14)
    at Object..js (node:internal/modules/cjs/loader:1699:10)
    at Module.load (node:internal/modules/cjs/loader:1313:32)
    at Function._load (node:internal/modules/cjs/loader:1123:12)
    at TracingChannel.traceSync (node:diagnostics_channel:322:14)
    at wrapModuleLoad (node:internal/modules/cjs/loader:217:24)
    at Module.<anonymous> (node:internal/modules/cjs/loader:1335:12)
    at Hook._require.Module.require (/usr/lib/node_modules/pm2/node_modules/require-in-the-middle/index.js:101:39)
    at require (node:internal/modules/helpers:136:16)
2025-01-21 23:34:01 [ERROR] undefined:undefined - ReferenceError: rateLimit is not defined
    at Object.<anonymous> (/home/devratxen/muushakaH/mern-app/backend/routes/authRoutes.js:32:27)
    at Module._compile (node:internal/modules/cjs/loader:1562:14)
    at Object..js (node:internal/modules/cjs/loader:1699:10)
    at Module.load (node:internal/modules/cjs/loader:1313:32)
    at Function._load (node:internal/modules/cjs/loader:1123:12)
    at TracingChannel.traceSync (node:diagnostics_channel:322:14)
    at wrapModuleLoad (node:internal/modules/cjs/loader:217:24)
    at Module.<anonymous> (node:internal/modules/cjs/loader:1335:12)
    at Hook._require.Module.require (/usr/lib/node_modules/pm2/node_modules/require-in-the-middle/index.js:101:39)
    at require (node:internal/modules/helpers:136:16)
2025-01-21 23:34:02 [ERROR] undefined:undefined - ReferenceError: rateLimit is not defined
    at Object.<anonymous> (/home/devratxen/muushakaH/mern-app/backend/routes/authRoutes.js:32:27)
    at Module._compile (node:internal/modules/cjs/loader:1562:14)
    at Object..js (node:internal/modules/cjs/loader:1699:10)
    at Module.load (node:internal/modules/cjs/loader:1313:32)
    at Function._load (node:internal/modules/cjs/loader:1123:12)
    at TracingChannel.traceSync (node:diagnostics_channel:322:14)
    at wrapModuleLoad (node:internal/modules/cjs/loader:217:24)
    at Module.<anonymous> (node:internal/modules/cjs/loader:1335:12)
    at Hook._require.Module.require (/usr/lib/node_modules/pm2/node_modules/require-in-the-middle/index.js:101:39)
    at require (node:internal/modules/helpers:136:16)
2025-01-21 23:34:03 [ERROR] undefined:undefined - ReferenceError: rateLimit is not defined
    at Object.<anonymous> (/home/devratxen/muushakaH/mern-app/backend/routes/authRoutes.js:32:27)
    at Module._compile (node:internal/modules/cjs/loader:1562:14)
    at Object..js (node:internal/modules/cjs/loader:1699:10)
    at Module.load (node:internal/modules/cjs/loader:1313:32)
    at Function._load (node:internal/modules/cjs/loader:1123:12)
    at TracingChannel.traceSync (node:diagnostics_channel:322:14)
    at wrapModuleLoad (node:internal/modules/cjs/loader:217:24)
    at Module.<anonymous> (node:internal/modules/cjs/loader:1335:12)
    at Hook._require.Module.require (/usr/lib/node_modules/pm2/node_modules/require-in-the-middle/index.js:101:39)
    at require (node:internal/modules/helpers:136:16)
2025-01-21 23:34:04 [ERROR] undefined:undefined - ReferenceError: rateLimit is not defined
    at Object.<anonymous> (/home/devratxen/muushakaH/mern-app/backend/routes/authRoutes.js:32:27)
    at Module._compile (node:internal/modules/cjs/loader:1562:14)
    at Object..js (node:internal/modules/cjs/loader:1699:10)
    at Module.load (node:internal/modules/cjs/loader:1313:32)
    at Function._load (node:internal/modules/cjs/loader:1123:12)
    at TracingChannel.traceSync (node:diagnostics_channel:322:14)
    at wrapModuleLoad (node:internal/modules/cjs/loader:217:24)
    at Module.<anonymous> (node:internal/modules/cjs/loader:1335:12)
    at Hook._require.Module.require (/usr/lib/node_modules/pm2/node_modules/require-in-the-middle/index.js:101:39)
    at require (node:internal/modules/helpers:136:16)
2025-01-21 23:34:05 [ERROR] undefined:undefined - ReferenceError: rateLimit is not defined
    at Object.<anonymous> (/home/devratxen/muushakaH/mern-app/backend/routes/authRoutes.js:32:27)
    at Module._compile (node:internal/modules/cjs/loader:1562:14)
    at Object..js (node:internal/modules/cjs/loader:1699:10)
    at Module.load (node:internal/modules/cjs/loader:1313:32)
    at Function._load (node:internal/modules/cjs/loader:1123:12)
    at TracingChannel.traceSync (node:diagnostics_channel:322:14)
    at wrapModuleLoad (node:internal/modules/cjs/loader:217:24)
    at Module.<anonymous> (node:internal/modules/cjs/loader:1335:12)
    at Hook._require.Module.require (/usr/lib/node_modules/pm2/node_modules/require-in-the-middle/index.js:101:39)
    at require (node:internal/modules/helpers:136:16)
2025-01-21 23:34:06 [ERROR] undefined:undefined - ReferenceError: rateLimit is not defined
    at Object.<anonymous> (/home/devratxen/muushakaH/mern-app/backend/routes/authRoutes.js:32:27)
    at Module._compile (node:internal/modules/cjs/loader:1562:14)
    at Object..js (node:internal/modules/cjs/loader:1699:10)
    at Module.load (node:internal/modules/cjs/loader:1313:32)
    at Function._load (node:internal/modules/cjs/loader:1123:12)
    at TracingChannel.traceSync (node:diagnostics_channel:322:14)
    at wrapModuleLoad (node:internal/modules/cjs/loader:217:24)
    at Module.<anonymous> (node:internal/modules/cjs/loader:1335:12)
    at Hook._require.Module.require (/usr/lib/node_modules/pm2/node_modules/require-in-the-middle/index.js:101:39)
    at require (node:internal/modules/helpers:136:16)
2025-01-21 23:34:07 [ERROR] undefined:undefined - ReferenceError: rateLimit is not defined
    at Object.<anonymous> (/home/devratxen/muushakaH/mern-app/backend/routes/authRoutes.js:32:27)
    at Module._compile (node:internal/modules/cjs/loader:1562:14)
    at Object..js (node:internal/modules/cjs/loader:1699:10)
    at Module.load (node:internal/modules/cjs/loader:1313:32)
    at Function._load (node:internal/modules/cjs/loader:1123:12)
    at TracingChannel.traceSync (node:diagnostics_channel:322:14)
    at wrapModuleLoad (node:internal/modules/cjs/loader:217:24)
    at Module.<anonymous> (node:internal/modules/cjs/loader:1335:12)
    at Hook._require.Module.require (/usr/lib/node_modules/pm2/node_modules/require-in-the-middle/index.js:101:39)
    at require (node:internal/modules/helpers:136:16)
2025-01-21 23:34:08 [ERROR] undefined:undefined - ReferenceError: rateLimit is not defined
    at Object.<anonymous> (/home/devratxen/muushakaH/mern-app/backend/routes/authRoutes.js:32:27)
    at Module._compile (node:internal/modules/cjs/loader:1562:14)
    at Object..js (node:internal/modules/cjs/loader:1699:10)
    at Module.load (node:internal/modules/cjs/loader:1313:32)
    at Function._load (node:internal/modules/cjs/loader:1123:12)
    at TracingChannel.traceSync (node:diagnostics_channel:322:14)
    at wrapModuleLoad (node:internal/modules/cjs/loader:217:24)
    at Module.<anonymous> (node:internal/modules/cjs/loader:1335:12)
    at Hook._require.Module.require (/usr/lib/node_modules/pm2/node_modules/require-in-the-middle/index.js:101:39)
    at require (node:internal/modules/helpers:136:16)
2025-01-21 23:34:08 [ERROR] undefined:undefined - ReferenceError: rateLimit is not defined
    at Object.<anonymous> (/home/devratxen/muushakaH/mern-app/backend/routes/authRoutes.js:32:27)
    at Module._compile (node:internal/modules/cjs/loader:1562:14)
    at Object..js (node:internal/modules/cjs/loader:1699:10)
    at Module.load (node:internal/modules/cjs/loader:1313:32)
    at Function._load (node:internal/modules/cjs/loader:1123:12)
    at TracingChannel.traceSync (node:diagnostics_channel:322:14)
    at wrapModuleLoad (node:internal/modules/cjs/loader:217:24)
    at Module.<anonymous> (node:internal/modules/cjs/loader:1335:12)
    at Hook._require.Module.require (/usr/lib/node_modules/pm2/node_modules/require-in-the-middle/index.js:101:39)
    at require (node:internal/modules/helpers:136:16)
2025-01-21 23:34:09 [ERROR] undefined:undefined - ReferenceError: rateLimit is not defined
    at Object.<anonymous> (/home/devratxen/muushakaH/mern-app/backend/routes/authRoutes.js:32:27)
    at Module._compile (node:internal/modules/cjs/loader:1562:14)
    at Object..js (node:internal/modules/cjs/loader:1699:10)
    at Module.load (node:internal/modules/cjs/loader:1313:32)
    at Function._load (node:internal/modules/cjs/loader:1123:12)
    at TracingChannel.traceSync (node:diagnostics_channel:322:14)
    at wrapModuleLoad (node:internal/modules/cjs/loader:217:24)
    at Module.<anonymous> (node:internal/modules/cjs/loader:1335:12)
    at Hook._require.Module.require (/usr/lib/node_modules/pm2/node_modules/require-in-the-middle/index.js:101:39)
    at require (node:internal/modules/helpers:136:16)
2025-01-21 23:34:10 [ERROR] undefined:undefined - ReferenceError: rateLimit is not defined
    at Object.<anonymous> (/home/devratxen/muushakaH/mern-app/backend/routes/authRoutes.js:32:27)
    at Module._compile (node:internal/modules/cjs/loader:1562:14)
    at Object..js (node:internal/modules/cjs/loader:1699:10)
    at Module.load (node:internal/modules/cjs/loader:1313:32)
    at Function._load (node:internal/modules/cjs/loader:1123:12)
    at TracingChannel.traceSync (node:diagnostics_channel:322:14)
    at wrapModuleLoad (node:internal/modules/cjs/loader:217:24)
    at Module.<anonymous> (node:internal/modules/cjs/loader:1335:12)
    at Hook._require.Module.require (/usr/lib/node_modules/pm2/node_modules/require-in-the-middle/index.js:101:39)
    at require (node:internal/modules/helpers:136:16)
2025-01-21 23:34:11 [ERROR] undefined:undefined - ReferenceError: rateLimit is not defined
    at Object.<anonymous> (/home/devratxen/muushakaH/mern-app/backend/routes/authRoutes.js:32:27)
    at Module._compile (node:internal/modules/cjs/loader:1562:14)
    at Object..js (node:internal/modules/cjs/loader:1699:10)
    at Module.load (node:internal/modules/cjs/loader:1313:32)
    at Function._load (node:internal/modules/cjs/loader:1123:12)
    at TracingChannel.traceSync (node:diagnostics_channel:322:14)
    at wrapModuleLoad (node:internal/modules/cjs/loader:217:24)
    at Module.<anonymous> (node:internal/modules/cjs/loader:1335:12)
    at Hook._require.Module.require (/usr/lib/node_modules/pm2/node_modules/require-in-the-middle/index.js:101:39)
    at require (node:internal/modules/helpers:136:16)
2025-01-21 23:34:12 [ERROR] undefined:undefined - ReferenceError: rateLimit is not defined
    at Object.<anonymous> (/home/devratxen/muushakaH/mern-app/backend/routes/authRoutes.js:32:27)
    at Module._compile (node:internal/modules/cjs/loader:1562:14)
    at Object..js (node:internal/modules/cjs/loader:1699:10)
    at Module.load (node:internal/modules/cjs/loader:1313:32)
    at Function._load (node:internal/modules/cjs/loader:1123:12)
    at TracingChannel.traceSync (node:diagnostics_channel:322:14)
    at wrapModuleLoad (node:internal/modules/cjs/loader:217:24)
    at Module.<anonymous> (node:internal/modules/cjs/loader:1335:12)
    at Hook._require.Module.require (/usr/lib/node_modules/pm2/node_modules/require-in-the-middle/index.js:101:39)
    at require (node:internal/modules/helpers:136:16)
2025-01-21 23:34:13 [ERROR] undefined:undefined - ReferenceError: rateLimit is not defined
    at Object.<anonymous> (/home/devratxen/muushakaH/mern-app/backend/routes/authRoutes.js:32:27)
    at Module._compile (node:internal/modules/cjs/loader:1562:14)
    at Object..js (node:internal/modules/cjs/loader:1699:10)
    at Module.load (node:internal/modules/cjs/loader:1313:32)
    at Function._load (node:internal/modules/cjs/loader:1123:12)
    at TracingChannel.traceSync (node:diagnostics_channel:322:14)
    at wrapModuleLoad (node:internal/modules/cjs/loader:217:24)
    at Module.<anonymous> (node:internal/modules/cjs/loader:1335:12)
    at Hook._require.Module.require (/usr/lib/node_modules/pm2/node_modules/require-in-the-middle/index.js:101:39)
    at require (node:internal/modules/helpers:136:16)
2025-01-21 23:34:13 [ERROR] undefined:undefined - ReferenceError: rateLimit is not defined
    at Object.<anonymous> (/home/devratxen/muushakaH/mern-app/backend/routes/authRoutes.js:32:27)
    at Module._compile (node:internal/modules/cjs/loader:1562:14)
    at Object..js (node:internal/modules/cjs/loader:1699:10)
    at Module.load (node:internal/modules/cjs/loader:1313:32)
    at Function._load (node:internal/modules/cjs/loader:1123:12)
    at TracingChannel.traceSync (node:diagnostics_channel:322:14)
    at wrapModuleLoad (node:internal/modules/cjs/loader:217:24)
    at Module.<anonymous> (node:internal/modules/cjs/loader:1335:12)
    at Hook._require.Module.require (/usr/lib/node_modules/pm2/node_modules/require-in-the-middle/index.js:101:39)
    at require (node:internal/modules/helpers:136:16)
2025-01-21 23:36:28 [ERROR] undefined:undefined - TypeError: Router.use() requires a middleware function but got a Object
    at Function.use (/home/devratxen/muushakaH/mern-app/backend/node_modules/express/lib/router/index.js:469:13)
    at Function.<anonymous> (/home/devratxen/muushakaH/mern-app/backend/node_modules/express/lib/application.js:227:21)
    at Array.forEach (<anonymous>)
    at Function.use (/home/devratxen/muushakaH/mern-app/backend/node_modules/express/lib/application.js:224:7)
    at Object.<anonymous> (/home/devratxen/muushakaH/mern-app/backend/server.js:105:7)
    at Module._compile (node:internal/modules/cjs/loader:1562:14)
    at Object..js (node:internal/modules/cjs/loader:1699:10)
    at Module.load (node:internal/modules/cjs/loader:1313:32)
    at Function._load (node:internal/modules/cjs/loader:1123:12)
    at Object.<anonymous> (/usr/lib/node_modules/pm2/lib/ProcessContainerFork.js:33:23)
2025-01-21 23:36:29 [ERROR] undefined:undefined - TypeError: Router.use() requires a middleware function but got a Object
    at Function.use (/home/devratxen/muushakaH/mern-app/backend/node_modules/express/lib/router/index.js:469:13)
    at Function.<anonymous> (/home/devratxen/muushakaH/mern-app/backend/node_modules/express/lib/application.js:227:21)
    at Array.forEach (<anonymous>)
    at Function.use (/home/devratxen/muushakaH/mern-app/backend/node_modules/express/lib/application.js:224:7)
    at Object.<anonymous> (/home/devratxen/muushakaH/mern-app/backend/server.js:105:7)
    at Module._compile (node:internal/modules/cjs/loader:1562:14)
    at Object..js (node:internal/modules/cjs/loader:1699:10)
    at Module.load (node:internal/modules/cjs/loader:1313:32)
    at Function._load (node:internal/modules/cjs/loader:1123:12)
    at Object.<anonymous> (/usr/lib/node_modules/pm2/lib/ProcessContainerFork.js:33:23)
2025-01-21 23:36:30 [ERROR] undefined:undefined - TypeError: Router.use() requires a middleware function but got a Object
    at Function.use (/home/devratxen/muushakaH/mern-app/backend/node_modules/express/lib/router/index.js:469:13)
    at Function.<anonymous> (/home/devratxen/muushakaH/mern-app/backend/node_modules/express/lib/application.js:227:21)
    at Array.forEach (<anonymous>)
    at Function.use (/home/devratxen/muushakaH/mern-app/backend/node_modules/express/lib/application.js:224:7)
    at Object.<anonymous> (/home/devratxen/muushakaH/mern-app/backend/server.js:105:7)
    at Module._compile (node:internal/modules/cjs/loader:1562:14)
    at Object..js (node:internal/modules/cjs/loader:1699:10)
    at Module.load (node:internal/modules/cjs/loader:1313:32)
    at Function._load (node:internal/modules/cjs/loader:1123:12)
    at Object.<anonymous> (/usr/lib/node_modules/pm2/lib/ProcessContainerFork.js:33:23)
2025-01-21 23:36:31 [ERROR] undefined:undefined - TypeError: Router.use() requires a middleware function but got a Object
    at Function.use (/home/devratxen/muushakaH/mern-app/backend/node_modules/express/lib/router/index.js:469:13)
    at Function.<anonymous> (/home/devratxen/muushakaH/mern-app/backend/node_modules/express/lib/application.js:227:21)
    at Array.forEach (<anonymous>)
    at Function.use (/home/devratxen/muushakaH/mern-app/backend/node_modules/express/lib/application.js:224:7)
    at Object.<anonymous> (/home/devratxen/muushakaH/mern-app/backend/server.js:105:7)
    at Module._compile (node:internal/modules/cjs/loader:1562:14)
    at Object..js (node:internal/modules/cjs/loader:1699:10)
    at Module.load (node:internal/modules/cjs/loader:1313:32)
    at Function._load (node:internal/modules/cjs/loader:1123:12)
    at Object.<anonymous> (/usr/lib/node_modules/pm2/lib/ProcessContainerFork.js:33:23)
2025-01-21 23:36:31 [ERROR] undefined:undefined - TypeError: Router.use() requires a middleware function but got a Object
    at Function.use (/home/devratxen/muushakaH/mern-app/backend/node_modules/express/lib/router/index.js:469:13)
    at Function.<anonymous> (/home/devratxen/muushakaH/mern-app/backend/node_modules/express/lib/application.js:227:21)
    at Array.forEach (<anonymous>)
    at Function.use (/home/devratxen/muushakaH/mern-app/backend/node_modules/express/lib/application.js:224:7)
    at Object.<anonymous> (/home/devratxen/muushakaH/mern-app/backend/server.js:105:7)
    at Module._compile (node:internal/modules/cjs/loader:1562:14)
    at Object..js (node:internal/modules/cjs/loader:1699:10)
    at Module.load (node:internal/modules/cjs/loader:1313:32)
    at Function._load (node:internal/modules/cjs/loader:1123:12)
    at Object.<anonymous> (/usr/lib/node_modules/pm2/lib/ProcessContainerFork.js:33:23)
2025-01-21 23:36:32 [ERROR] undefined:undefined - TypeError: Router.use() requires a middleware function but got a Object
    at Function.use (/home/devratxen/muushakaH/mern-app/backend/node_modules/express/lib/router/index.js:469:13)
    at Function.<anonymous> (/home/devratxen/muushakaH/mern-app/backend/node_modules/express/lib/application.js:227:21)
    at Array.forEach (<anonymous>)
    at Function.use (/home/devratxen/muushakaH/mern-app/backend/node_modules/express/lib/application.js:224:7)
    at Object.<anonymous> (/home/devratxen/muushakaH/mern-app/backend/server.js:105:7)
    at Module._compile (node:internal/modules/cjs/loader:1562:14)
    at Object..js (node:internal/modules/cjs/loader:1699:10)
    at Module.load (node:internal/modules/cjs/loader:1313:32)
    at Function._load (node:internal/modules/cjs/loader:1123:12)
    at Object.<anonymous> (/usr/lib/node_modules/pm2/lib/ProcessContainerFork.js:33:23)
2025-01-21 23:36:33 [ERROR] undefined:undefined - TypeError: Router.use() requires a middleware function but got a Object
    at Function.use (/home/devratxen/muushakaH/mern-app/backend/node_modules/express/lib/router/index.js:469:13)
    at Function.<anonymous> (/home/devratxen/muushakaH/mern-app/backend/node_modules/express/lib/application.js:227:21)
    at Array.forEach (<anonymous>)
    at Function.use (/home/devratxen/muushakaH/mern-app/backend/node_modules/express/lib/application.js:224:7)
    at Object.<anonymous> (/home/devratxen/muushakaH/mern-app/backend/server.js:105:7)
    at Module._compile (node:internal/modules/cjs/loader:1562:14)
    at Object..js (node:internal/modules/cjs/loader:1699:10)
    at Module.load (node:internal/modules/cjs/loader:1313:32)
    at Function._load (node:internal/modules/cjs/loader:1123:12)
    at Object.<anonymous> (/usr/lib/node_modules/pm2/lib/ProcessContainerFork.js:33:23)
2025-01-21 23:36:34 [ERROR] undefined:undefined - TypeError: Router.use() requires a middleware function but got a Object
    at Function.use (/home/devratxen/muushakaH/mern-app/backend/node_modules/express/lib/router/index.js:469:13)
    at Function.<anonymous> (/home/devratxen/muushakaH/mern-app/backend/node_modules/express/lib/application.js:227:21)
    at Array.forEach (<anonymous>)
    at Function.use (/home/devratxen/muushakaH/mern-app/backend/node_modules/express/lib/application.js:224:7)
    at Object.<anonymous> (/home/devratxen/muushakaH/mern-app/backend/server.js:105:7)
    at Module._compile (node:internal/modules/cjs/loader:1562:14)
    at Object..js (node:internal/modules/cjs/loader:1699:10)
    at Module.load (node:internal/modules/cjs/loader:1313:32)
    at Function._load (node:internal/modules/cjs/loader:1123:12)
    at Object.<anonymous> (/usr/lib/node_modules/pm2/lib/ProcessContainerFork.js:33:23)
2025-01-21 23:36:35 [ERROR] undefined:undefined - TypeError: Router.use() requires a middleware function but got a Object
    at Function.use (/home/devratxen/muushakaH/mern-app/backend/node_modules/express/lib/router/index.js:469:13)
    at Function.<anonymous> (/home/devratxen/muushakaH/mern-app/backend/node_modules/express/lib/application.js:227:21)
    at Array.forEach (<anonymous>)
    at Function.use (/home/devratxen/muushakaH/mern-app/backend/node_modules/express/lib/application.js:224:7)
    at Object.<anonymous> (/home/devratxen/muushakaH/mern-app/backend/server.js:105:7)
    at Module._compile (node:internal/modules/cjs/loader:1562:14)
    at Object..js (node:internal/modules/cjs/loader:1699:10)
    at Module.load (node:internal/modules/cjs/loader:1313:32)
    at Function._load (node:internal/modules/cjs/loader:1123:12)
    at Object.<anonymous> (/usr/lib/node_modules/pm2/lib/ProcessContainerFork.js:33:23)
2025-01-21 23:36:36 [ERROR] undefined:undefined - TypeError: Router.use() requires a middleware function but got a Object
    at Function.use (/home/devratxen/muushakaH/mern-app/backend/node_modules/express/lib/router/index.js:469:13)
    at Function.<anonymous> (/home/devratxen/muushakaH/mern-app/backend/node_modules/express/lib/application.js:227:21)
    at Array.forEach (<anonymous>)
    at Function.use (/home/devratxen/muushakaH/mern-app/backend/node_modules/express/lib/application.js:224:7)
    at Object.<anonymous> (/home/devratxen/muushakaH/mern-app/backend/server.js:105:7)
    at Module._compile (node:internal/modules/cjs/loader:1562:14)
    at Object..js (node:internal/modules/cjs/loader:1699:10)
    at Module.load (node:internal/modules/cjs/loader:1313:32)
    at Function._load (node:internal/modules/cjs/loader:1123:12)
    at Object.<anonymous> (/usr/lib/node_modules/pm2/lib/ProcessContainerFork.js:33:23)
2025-01-21 23:36:37 [ERROR] undefined:undefined - TypeError: Router.use() requires a middleware function but got a Object
    at Function.use (/home/devratxen/muushakaH/mern-app/backend/node_modules/express/lib/router/index.js:469:13)
    at Function.<anonymous> (/home/devratxen/muushakaH/mern-app/backend/node_modules/express/lib/application.js:227:21)
    at Array.forEach (<anonymous>)
    at Function.use (/home/devratxen/muushakaH/mern-app/backend/node_modules/express/lib/application.js:224:7)
    at Object.<anonymous> (/home/devratxen/muushakaH/mern-app/backend/server.js:105:7)
    at Module._compile (node:internal/modules/cjs/loader:1562:14)
    at Object..js (node:internal/modules/cjs/loader:1699:10)
    at Module.load (node:internal/modules/cjs/loader:1313:32)
    at Function._load (node:internal/modules/cjs/loader:1123:12)
    at Object.<anonymous> (/usr/lib/node_modules/pm2/lib/ProcessContainerFork.js:33:23)
2025-01-21 23:36:38 [ERROR] undefined:undefined - TypeError: Router.use() requires a middleware function but got a Object
    at Function.use (/home/devratxen/muushakaH/mern-app/backend/node_modules/express/lib/router/index.js:469:13)
    at Function.<anonymous> (/home/devratxen/muushakaH/mern-app/backend/node_modules/express/lib/application.js:227:21)
    at Array.forEach (<anonymous>)
    at Function.use (/home/devratxen/muushakaH/mern-app/backend/node_modules/express/lib/application.js:224:7)
    at Object.<anonymous> (/home/devratxen/muushakaH/mern-app/backend/server.js:105:7)
    at Module._compile (node:internal/modules/cjs/loader:1562:14)
    at Object..js (node:internal/modules/cjs/loader:1699:10)
    at Module.load (node:internal/modules/cjs/loader:1313:32)
    at Function._load (node:internal/modules/cjs/loader:1123:12)
    at Object.<anonymous> (/usr/lib/node_modules/pm2/lib/ProcessContainerFork.js:33:23)
2025-01-21 23:36:39 [ERROR] undefined:undefined - TypeError: Router.use() requires a middleware function but got a Object
    at Function.use (/home/devratxen/muushakaH/mern-app/backend/node_modules/express/lib/router/index.js:469:13)
    at Function.<anonymous> (/home/devratxen/muushakaH/mern-app/backend/node_modules/express/lib/application.js:227:21)
    at Array.forEach (<anonymous>)
    at Function.use (/home/devratxen/muushakaH/mern-app/backend/node_modules/express/lib/application.js:224:7)
    at Object.<anonymous> (/home/devratxen/muushakaH/mern-app/backend/server.js:105:7)
    at Module._compile (node:internal/modules/cjs/loader:1562:14)
    at Object..js (node:internal/modules/cjs/loader:1699:10)
    at Module.load (node:internal/modules/cjs/loader:1313:32)
    at Function._load (node:internal/modules/cjs/loader:1123:12)
    at Object.<anonymous> (/usr/lib/node_modules/pm2/lib/ProcessContainerFork.js:33:23)
2025-01-21 23:36:40 [ERROR] undefined:undefined - TypeError: Router.use() requires a middleware function but got a Object
    at Function.use (/home/devratxen/muushakaH/mern-app/backend/node_modules/express/lib/router/index.js:469:13)
    at Function.<anonymous> (/home/devratxen/muushakaH/mern-app/backend/node_modules/express/lib/application.js:227:21)
    at Array.forEach (<anonymous>)
    at Function.use (/home/devratxen/muushakaH/mern-app/backend/node_modules/express/lib/application.js:224:7)
    at Object.<anonymous> (/home/devratxen/muushakaH/mern-app/backend/server.js:105:7)
    at Module._compile (node:internal/modules/cjs/loader:1562:14)
    at Object..js (node:internal/modules/cjs/loader:1699:10)
    at Module.load (node:internal/modules/cjs/loader:1313:32)
    at Function._load (node:internal/modules/cjs/loader:1123:12)
    at Object.<anonymous> (/usr/lib/node_modules/pm2/lib/ProcessContainerFork.js:33:23)
2025-01-21 23:36:40 [ERROR] undefined:undefined - TypeError: Router.use() requires a middleware function but got a Object
    at Function.use (/home/devratxen/muushakaH/mern-app/backend/node_modules/express/lib/router/index.js:469:13)
    at Function.<anonymous> (/home/devratxen/muushakaH/mern-app/backend/node_modules/express/lib/application.js:227:21)
    at Array.forEach (<anonymous>)
    at Function.use (/home/devratxen/muushakaH/mern-app/backend/node_modules/express/lib/application.js:224:7)
    at Object.<anonymous> (/home/devratxen/muushakaH/mern-app/backend/server.js:105:7)
    at Module._compile (node:internal/modules/cjs/loader:1562:14)
    at Object..js (node:internal/modules/cjs/loader:1699:10)
    at Module.load (node:internal/modules/cjs/loader:1313:32)
    at Function._load (node:internal/modules/cjs/loader:1123:12)
    at Object.<anonymous> (/usr/lib/node_modules/pm2/lib/ProcessContainerFork.js:33:23)
2025-01-21 23:36:41 [ERROR] undefined:undefined - TypeError: Router.use() requires a middleware function but got a Object
    at Function.use (/home/devratxen/muushakaH/mern-app/backend/node_modules/express/lib/router/index.js:469:13)
    at Function.<anonymous> (/home/devratxen/muushakaH/mern-app/backend/node_modules/express/lib/application.js:227:21)
    at Array.forEach (<anonymous>)
    at Function.use (/home/devratxen/muushakaH/mern-app/backend/node_modules/express/lib/application.js:224:7)
    at Object.<anonymous> (/home/devratxen/muushakaH/mern-app/backend/server.js:105:7)
    at Module._compile (node:internal/modules/cjs/loader:1562:14)
    at Object..js (node:internal/modules/cjs/loader:1699:10)
    at Module.load (node:internal/modules/cjs/loader:1313:32)
    at Function._load (node:internal/modules/cjs/loader:1123:12)
    at Object.<anonymous> (/usr/lib/node_modules/pm2/lib/ProcessContainerFork.js:33:23)
2025-01-21 23:36:42 [ERROR] undefined:undefined - TypeError: Router.use() requires a middleware function but got a Object
    at Function.use (/home/devratxen/muushakaH/mern-app/backend/node_modules/express/lib/router/index.js:469:13)
    at Function.<anonymous> (/home/devratxen/muushakaH/mern-app/backend/node_modules/express/lib/application.js:227:21)
    at Array.forEach (<anonymous>)
    at Function.use (/home/devratxen/muushakaH/mern-app/backend/node_modules/express/lib/application.js:224:7)
    at Object.<anonymous> (/home/devratxen/muushakaH/mern-app/backend/server.js:105:7)
    at Module._compile (node:internal/modules/cjs/loader:1562:14)
    at Object..js (node:internal/modules/cjs/loader:1699:10)
    at Module.load (node:internal/modules/cjs/loader:1313:32)
    at Function._load (node:internal/modules/cjs/loader:1123:12)
    at Object.<anonymous> (/usr/lib/node_modules/pm2/lib/ProcessContainerFork.js:33:23)
2025-01-21 23:42:30 [ERROR] undefined:undefined - TypeError: Router.use() requires a middleware function but got a Object
    at Function.use (/home/devratxen/muushakaH/mern-app/backend/node_modules/express/lib/router/index.js:469:13)
    at Function.<anonymous> (/home/devratxen/muushakaH/mern-app/backend/node_modules/express/lib/application.js:227:21)
    at Array.forEach (<anonymous>)
    at Function.use (/home/devratxen/muushakaH/mern-app/backend/node_modules/express/lib/application.js:224:7)
    at Object.<anonymous> (/home/devratxen/muushakaH/mern-app/backend/server.js:105:7)
    at Module._compile (node:internal/modules/cjs/loader:1562:14)
    at Object..js (node:internal/modules/cjs/loader:1699:10)
    at Module.load (node:internal/modules/cjs/loader:1313:32)
    at Function._load (node:internal/modules/cjs/loader:1123:12)
    at TracingChannel.traceSync (node:diagnostics_channel:322:14)
2025-01-21 23:42:58 [ERROR] undefined:undefined - TypeError: Router.use() requires a middleware function but got a Object
    at Function.use (/home/devratxen/muushakaH/mern-app/backend/node_modules/express/lib/router/index.js:469:13)
    at Function.<anonymous> (/home/devratxen/muushakaH/mern-app/backend/node_modules/express/lib/application.js:227:21)
    at Array.forEach (<anonymous>)
    at Function.use (/home/devratxen/muushakaH/mern-app/backend/node_modules/express/lib/application.js:224:7)
    at Object.<anonymous> (/home/devratxen/muushakaH/mern-app/backend/server.js:105:7)
    at Module._compile (node:internal/modules/cjs/loader:1562:14)
    at Object..js (node:internal/modules/cjs/loader:1699:10)
    at Module.load (node:internal/modules/cjs/loader:1313:32)
    at Function._load (node:internal/modules/cjs/loader:1123:12)
    at TracingChannel.traceSync (node:diagnostics_channel:322:14)
2025-01-21 23:44:12 [ERROR] undefined:undefined - TypeError: Router.use() requires a middleware function but got a Object
    at Function.use (/home/devratxen/muushakaH/mern-app/backend/node_modules/express/lib/router/index.js:469:13)
    at Function.<anonymous> (/home/devratxen/muushakaH/mern-app/backend/node_modules/express/lib/application.js:227:21)
    at Array.forEach (<anonymous>)
    at Function.use (/home/devratxen/muushakaH/mern-app/backend/node_modules/express/lib/application.js:224:7)
    at Object.<anonymous> (/home/devratxen/muushakaH/mern-app/backend/server.js:105:7)
    at Module._compile (node:internal/modules/cjs/loader:1562:14)
    at Object..js (node:internal/modules/cjs/loader:1699:10)
    at Module.load (node:internal/modules/cjs/loader:1313:32)
    at Function._load (node:internal/modules/cjs/loader:1123:12)
    at TracingChannel.traceSync (node:diagnostics_channel:322:14)
2025-01-21 23:45:22 [ERROR] undefined:undefined - TypeError: Router.use() requires a middleware function but got a Object
    at Function.use (/home/devratxen/muushakaH/mern-app/backend/node_modules/express/lib/router/index.js:469:13)
    at Function.<anonymous> (/home/devratxen/muushakaH/mern-app/backend/node_modules/express/lib/application.js:227:21)
    at Array.forEach (<anonymous>)
    at Function.use (/home/devratxen/muushakaH/mern-app/backend/node_modules/express/lib/application.js:224:7)
    at Object.<anonymous> (/home/devratxen/muushakaH/mern-app/backend/server.js:105:7)
    at Module._compile (node:internal/modules/cjs/loader:1562:14)
    at Object..js (node:internal/modules/cjs/loader:1699:10)
    at Module.load (node:internal/modules/cjs/loader:1313:32)
    at Function._load (node:internal/modules/cjs/loader:1123:12)
    at TracingChannel.traceSync (node:diagnostics_channel:322:14)
2025-01-21 23:46:18 [ERROR] undefined:undefined - TypeError: Router.use() requires a middleware function but got a Object
    at Function.use (/home/devratxen/muushakaH/mern-app/backend/node_modules/express/lib/router/index.js:469:13)
    at Function.<anonymous> (/home/devratxen/muushakaH/mern-app/backend/node_modules/express/lib/application.js:227:21)
    at Array.forEach (<anonymous>)
    at Function.use (/home/devratxen/muushakaH/mern-app/backend/node_modules/express/lib/application.js:224:7)
    at Object.<anonymous> (/home/devratxen/muushakaH/mern-app/backend/server.js:105:7)
    at Module._compile (node:internal/modules/cjs/loader:1562:14)
    at Object..js (node:internal/modules/cjs/loader:1699:10)
    at Module.load (node:internal/modules/cjs/loader:1313:32)
    at Function._load (node:internal/modules/cjs/loader:1123:12)
    at TracingChannel.traceSync (node:diagnostics_channel:322:14)
2025-01-21 23:46:36 [ERROR] undefined:undefined - TypeError: Router.use() requires a middleware function but got a Object
    at Function.use (/home/devratxen/muushakaH/mern-app/backend/node_modules/express/lib/router/index.js:469:13)
    at Function.<anonymous> (/home/devratxen/muushakaH/mern-app/backend/node_modules/express/lib/application.js:227:21)
    at Array.forEach (<anonymous>)
    at Function.use (/home/devratxen/muushakaH/mern-app/backend/node_modules/express/lib/application.js:224:7)
    at Object.<anonymous> (/home/devratxen/muushakaH/mern-app/backend/server.js:105:7)
    at Module._compile (node:internal/modules/cjs/loader:1562:14)
    at Object..js (node:internal/modules/cjs/loader:1699:10)
    at Module.load (node:internal/modules/cjs/loader:1313:32)
    at Function._load (node:internal/modules/cjs/loader:1123:12)
    at TracingChannel.traceSync (node:diagnostics_channel:322:14)
2025-01-21 23:47:24 [ERROR] undefined:undefined - TypeError: Router.use() requires a middleware function but got a Object
    at Function.use (/home/devratxen/muushakaH/mern-app/backend/node_modules/express/lib/router/index.js:469:13)
    at Function.<anonymous> (/home/devratxen/muushakaH/mern-app/backend/node_modules/express/lib/application.js:227:21)
    at Array.forEach (<anonymous>)
    at Function.use (/home/devratxen/muushakaH/mern-app/backend/node_modules/express/lib/application.js:224:7)
    at Object.<anonymous> (/home/devratxen/muushakaH/mern-app/backend/server.js:105:7)
    at Module._compile (node:internal/modules/cjs/loader:1562:14)
    at Object..js (node:internal/modules/cjs/loader:1699:10)
    at Module.load (node:internal/modules/cjs/loader:1313:32)
    at Function._load (node:internal/modules/cjs/loader:1123:12)
    at TracingChannel.traceSync (node:diagnostics_channel:322:14)
2025-01-21 23:48:02 [ERROR] undefined:undefined - TypeError: Router.use() requires a middleware function but got a Object
    at Function.use (/home/devratxen/muushakaH/mern-app/backend/node_modules/express/lib/router/index.js:469:13)
    at Function.<anonymous> (/home/devratxen/muushakaH/mern-app/backend/node_modules/express/lib/application.js:227:21)
    at Array.forEach (<anonymous>)
    at Function.use (/home/devratxen/muushakaH/mern-app/backend/node_modules/express/lib/application.js:224:7)
    at Object.<anonymous> (/home/devratxen/muushakaH/mern-app/backend/server.js:105:7)
    at Module._compile (node:internal/modules/cjs/loader:1562:14)
    at Object..js (node:internal/modules/cjs/loader:1699:10)
    at Module.load (node:internal/modules/cjs/loader:1313:32)
    at Function._load (node:internal/modules/cjs/loader:1123:12)
    at TracingChannel.traceSync (node:diagnostics_channel:322:14)
2025-01-21 23:58:14 [ERROR] undefined:undefined - TypeError: Router.use() requires a middleware function but got a Object
    at Function.use (/home/devratxen/muushakaH/mern-app/backend/node_modules/express/lib/router/index.js:469:13)
    at Function.<anonymous> (/home/devratxen/muushakaH/mern-app/backend/node_modules/express/lib/application.js:227:21)
    at Array.forEach (<anonymous>)
    at Function.use (/home/devratxen/muushakaH/mern-app/backend/node_modules/express/lib/application.js:224:7)
    at Object.<anonymous> (/home/devratxen/muushakaH/mern-app/backend/server.js:105:7)
    at Module._compile (node:internal/modules/cjs/loader:1562:14)
    at Object..js (node:internal/modules/cjs/loader:1699:10)
    at Module.load (node:internal/modules/cjs/loader:1313:32)
    at Function._load (node:internal/modules/cjs/loader:1123:12)
    at TracingChannel.traceSync (node:diagnostics_channel:322:14)
2025-01-22 00:00:46 [ERROR] undefined:undefined - TypeError: Router.use() requires a middleware function but got a Object
    at Function.use (/home/devratxen/muushakaH/mern-app/backend/node_modules/express/lib/router/index.js:469:13)
    at Function.<anonymous> (/home/devratxen/muushakaH/mern-app/backend/node_modules/express/lib/application.js:227:21)
    at Array.forEach (<anonymous>)
    at Function.use (/home/devratxen/muushakaH/mern-app/backend/node_modules/express/lib/application.js:224:7)
    at Object.<anonymous> (/home/devratxen/muushakaH/mern-app/backend/server.js:127:7)
    at Module._compile (node:internal/modules/cjs/loader:1562:14)
    at Object..js (node:internal/modules/cjs/loader:1699:10)
    at Module.load (node:internal/modules/cjs/loader:1313:32)
    at Function._load (node:internal/modules/cjs/loader:1123:12)
    at TracingChannel.traceSync (node:diagnostics_channel:322:14)
2025-01-22 00:00:55 [ERROR] undefined:undefined - TypeError: Router.use() requires a middleware function but got a Object
    at Function.use (/home/devratxen/muushakaH/mern-app/backend/node_modules/express/lib/router/index.js:469:13)
    at Function.<anonymous> (/home/devratxen/muushakaH/mern-app/backend/node_modules/express/lib/application.js:227:21)
    at Array.forEach (<anonymous>)
    at Function.use (/home/devratxen/muushakaH/mern-app/backend/node_modules/express/lib/application.js:224:7)
    at Object.<anonymous> (/home/devratxen/muushakaH/mern-app/backend/server.js:127:7)
    at Module._compile (node:internal/modules/cjs/loader:1562:14)
    at Object..js (node:internal/modules/cjs/loader:1699:10)
    at Module.load (node:internal/modules/cjs/loader:1313:32)
    at Function._load (node:internal/modules/cjs/loader:1123:12)
    at TracingChannel.traceSync (node:diagnostics_channel:322:14)
2025-01-22 00:05:46 [ERROR] undefined:undefined - TypeError: Router.use() requires a middleware function but got a Object
    at Function.use (/home/devratxen/muushakaH/mern-app/backend/node_modules/express/lib/router/index.js:469:13)
    at Function.<anonymous> (/home/devratxen/muushakaH/mern-app/backend/node_modules/express/lib/application.js:227:21)
    at Array.forEach (<anonymous>)
    at Function.use (/home/devratxen/muushakaH/mern-app/backend/node_modules/express/lib/application.js:224:7)
    at Object.<anonymous> (/home/devratxen/muushakaH/mern-app/backend/server.js:127:7)
    at Module._compile (node:internal/modules/cjs/loader:1562:14)
    at Object..js (node:internal/modules/cjs/loader:1699:10)
    at Module.load (node:internal/modules/cjs/loader:1313:32)
    at Function._load (node:internal/modules/cjs/loader:1123:12)
    at TracingChannel.traceSync (node:diagnostics_channel:322:14)
2025-01-22 00:05:56 [ERROR] undefined:undefined - TypeError: Router.use() requires a middleware function but got a Object
    at Function.use (/home/devratxen/muushakaH/mern-app/backend/node_modules/express/lib/router/index.js:469:13)
    at Function.<anonymous> (/home/devratxen/muushakaH/mern-app/backend/node_modules/express/lib/application.js:227:21)
    at Array.forEach (<anonymous>)
    at Function.use (/home/devratxen/muushakaH/mern-app/backend/node_modules/express/lib/application.js:224:7)
    at Object.<anonymous> (/home/devratxen/muushakaH/mern-app/backend/server.js:127:7)
    at Module._compile (node:internal/modules/cjs/loader:1562:14)
    at Object..js (node:internal/modules/cjs/loader:1699:10)
    at Module.load (node:internal/modules/cjs/loader:1313:32)
    at Function._load (node:internal/modules/cjs/loader:1123:12)
    at TracingChannel.traceSync (node:diagnostics_channel:322:14)
2025-01-22 00:11:33 [ERROR] undefined:undefined - TypeError: Router.use() requires a middleware function but got a Object
    at Function.use (/home/devratxen/muushakaH/mern-app/backend/node_modules/express/lib/router/index.js:469:13)
    at Function.<anonymous> (/home/devratxen/muushakaH/mern-app/backend/node_modules/express/lib/application.js:227:21)
    at Array.forEach (<anonymous>)
    at Function.use (/home/devratxen/muushakaH/mern-app/backend/node_modules/express/lib/application.js:224:7)
    at Object.<anonymous> (/home/devratxen/muushakaH/mern-app/backend/server.js:127:7)
    at Module._compile (node:internal/modules/cjs/loader:1562:14)
    at Object..js (node:internal/modules/cjs/loader:1699:10)
    at Module.load (node:internal/modules/cjs/loader:1313:32)
    at Function._load (node:internal/modules/cjs/loader:1123:12)
    at TracingChannel.traceSync (node:diagnostics_channel:322:14)
2025-01-22 00:15:47 [ERROR] undefined:undefined - TypeError: Router.use() requires a middleware function but got a Object
    at Function.use (/home/devratxen/muushakaH/mern-app/backend/node_modules/express/lib/router/index.js:469:13)
    at Function.<anonymous> (/home/devratxen/muushakaH/mern-app/backend/node_modules/express/lib/application.js:227:21)
    at Array.forEach (<anonymous>)
    at Function.use (/home/devratxen/muushakaH/mern-app/backend/node_modules/express/lib/application.js:224:7)
    at Object.<anonymous> (/home/devratxen/muushakaH/mern-app/backend/server.js:127:7)
    at Module._compile (node:internal/modules/cjs/loader:1562:14)
    at Object..js (node:internal/modules/cjs/loader:1699:10)
    at Module.load (node:internal/modules/cjs/loader:1313:32)
    at Function._load (node:internal/modules/cjs/loader:1123:12)
    at TracingChannel.traceSync (node:diagnostics_channel:322:14)
2025-01-22 00:15:58 [ERROR] undefined:undefined - TypeError: Router.use() requires a middleware function but got a Object
    at Function.use (/home/devratxen/muushakaH/mern-app/backend/node_modules/express/lib/router/index.js:469:13)
    at Function.<anonymous> (/home/devratxen/muushakaH/mern-app/backend/node_modules/express/lib/application.js:227:21)
    at Array.forEach (<anonymous>)
    at Function.use (/home/devratxen/muushakaH/mern-app/backend/node_modules/express/lib/application.js:224:7)
    at Object.<anonymous> (/home/devratxen/muushakaH/mern-app/backend/server.js:127:7)
    at Module._compile (node:internal/modules/cjs/loader:1562:14)
    at Object..js (node:internal/modules/cjs/loader:1699:10)
    at Module.load (node:internal/modules/cjs/loader:1313:32)
    at Function._load (node:internal/modules/cjs/loader:1123:12)
    at TracingChannel.traceSync (node:diagnostics_channel:322:14)
2025-01-22 00:22:03 [ERROR] undefined:undefined - TypeError: Router.use() requires a middleware function but got a Object
    at Function.use (/home/devratxen/muushakaH/mern-app/backend/node_modules/express/lib/router/index.js:469:13)
    at Function.<anonymous> (/home/devratxen/muushakaH/mern-app/backend/node_modules/express/lib/application.js:227:21)
    at Array.forEach (<anonymous>)
    at Function.use (/home/devratxen/muushakaH/mern-app/backend/node_modules/express/lib/application.js:224:7)
    at Object.<anonymous> (/home/devratxen/muushakaH/mern-app/backend/server.js:127:7)
    at Module._compile (node:internal/modules/cjs/loader:1562:14)
    at Object..js (node:internal/modules/cjs/loader:1699:10)
    at Module.load (node:internal/modules/cjs/loader:1313:32)
    at Function._load (node:internal/modules/cjs/loader:1123:12)
    at TracingChannel.traceSync (node:diagnostics_channel:322:14)
2025-01-22 00:28:10 [ERROR] undefined:undefined - ReferenceError: otpRequestLimiter is not defined
    at Object.<anonymous> (/home/devratxen/muushakaH/mern-app/backend/routes/authRoutes.js:49:3)
    at Module._compile (node:internal/modules/cjs/loader:1562:14)
    at Object..js (node:internal/modules/cjs/loader:1699:10)
    at Module.load (node:internal/modules/cjs/loader:1313:32)
    at Function._load (node:internal/modules/cjs/loader:1123:12)
    at TracingChannel.traceSync (node:diagnostics_channel:322:14)
    at wrapModuleLoad (node:internal/modules/cjs/loader:217:24)
    at Module.require (node:internal/modules/cjs/loader:1335:12)
    at require (node:internal/modules/helpers:136:16)
    at Object.<anonymous> (/home/devratxen/muushakaH/mern-app/backend/server.js:19:20)
2025-01-22 00:28:18 [ERROR] undefined:undefined - ReferenceError: otpRequestLimiter is not defined
    at Object.<anonymous> (/home/devratxen/muushakaH/mern-app/backend/routes/authRoutes.js:49:3)
    at Module._compile (node:internal/modules/cjs/loader:1562:14)
    at Object..js (node:internal/modules/cjs/loader:1699:10)
    at Module.load (node:internal/modules/cjs/loader:1313:32)
    at Function._load (node:internal/modules/cjs/loader:1123:12)
    at TracingChannel.traceSync (node:diagnostics_channel:322:14)
    at wrapModuleLoad (node:internal/modules/cjs/loader:217:24)
    at Module.require (node:internal/modules/cjs/loader:1335:12)
    at require (node:internal/modules/helpers:136:16)
    at Object.<anonymous> (/home/devratxen/muushakaH/mern-app/backend/server.js:19:20)
2025-01-22 00:29:01 [ERROR] undefined:undefined - ReferenceError: otpRequestLimiter is not defined
    at Object.<anonymous> (/home/devratxen/muushakaH/mern-app/backend/routes/authRoutes.js:49:3)
    at Module._compile (node:internal/modules/cjs/loader:1562:14)
    at Object..js (node:internal/modules/cjs/loader:1699:10)
    at Module.load (node:internal/modules/cjs/loader:1313:32)
    at Function._load (node:internal/modules/cjs/loader:1123:12)
    at TracingChannel.traceSync (node:diagnostics_channel:322:14)
    at wrapModuleLoad (node:internal/modules/cjs/loader:217:24)
    at Module.require (node:internal/modules/cjs/loader:1335:12)
    at require (node:internal/modules/helpers:136:16)
    at Object.<anonymous> (/home/devratxen/muushakaH/mern-app/backend/server.js:19:20)
2025-01-22 00:29:42 [ERROR] undefined:undefined - ReferenceError: otpRequestLimiter is not defined
    at Object.<anonymous> (/home/devratxen/muushakaH/mern-app/backend/routes/authRoutes.js:49:3)
    at Module._compile (node:internal/modules/cjs/loader:1562:14)
    at Object..js (node:internal/modules/cjs/loader:1699:10)
    at Module.load (node:internal/modules/cjs/loader:1313:32)
    at Function._load (node:internal/modules/cjs/loader:1123:12)
    at TracingChannel.traceSync (node:diagnostics_channel:322:14)
    at wrapModuleLoad (node:internal/modules/cjs/loader:217:24)
    at Module.require (node:internal/modules/cjs/loader:1335:12)
    at require (node:internal/modules/helpers:136:16)
    at Object.<anonymous> (/home/devratxen/muushakaH/mern-app/backend/server.js:19:20)
2025-01-22 00:29:55 [ERROR] undefined:undefined - ReferenceError: otpRequestLimiter is not defined
    at Object.<anonymous> (/home/devratxen/muushakaH/mern-app/backend/routes/authRoutes.js:49:3)
    at Module._compile (node:internal/modules/cjs/loader:1562:14)
    at Object..js (node:internal/modules/cjs/loader:1699:10)
    at Module.load (node:internal/modules/cjs/loader:1313:32)
    at Function._load (node:internal/modules/cjs/loader:1123:12)
    at TracingChannel.traceSync (node:diagnostics_channel:322:14)
    at wrapModuleLoad (node:internal/modules/cjs/loader:217:24)
    at Module.require (node:internal/modules/cjs/loader:1335:12)
    at require (node:internal/modules/helpers:136:16)
    at Object.<anonymous> (/home/devratxen/muushakaH/mern-app/backend/server.js:19:20)
2025-01-22 00:30:03 [ERROR] undefined:undefined - ReferenceError: otpRequestLimiter is not defined
    at Object.<anonymous> (/home/devratxen/muushakaH/mern-app/backend/routes/authRoutes.js:49:3)
    at Module._compile (node:internal/modules/cjs/loader:1562:14)
    at Object..js (node:internal/modules/cjs/loader:1699:10)
    at Module.load (node:internal/modules/cjs/loader:1313:32)
    at Function._load (node:internal/modules/cjs/loader:1123:12)
    at TracingChannel.traceSync (node:diagnostics_channel:322:14)
    at wrapModuleLoad (node:internal/modules/cjs/loader:217:24)
    at Module.require (node:internal/modules/cjs/loader:1335:12)
    at require (node:internal/modules/helpers:136:16)
    at Object.<anonymous> (/home/devratxen/muushakaH/mern-app/backend/server.js:19:20)
